[21:12:51] [main/INFO]: Loading Minecraft 1.21.1 with Fabric Loader 0.16.3
[21:12:52] [main/INFO]: Loading 4 mods:
	- fabricloader 0.16.3
	   \-- mixinextras 0.4.1
	- java 21
	- minecraft 1.21.1
[21:12:52] [main/INFO]: SpongePowered MIXIN Subsystem Version=0.8.7 Source=file:/workspaces/MS-1.0-HARD/servidor_minecraft/libraries/net/fabricmc/sponge-mixin/0.15.2+mixin.0.8.7/sponge-mixin-0.15.2+mixin.0.8.7.jar Service=Knot/Fabric Env=SERVER
[21:13:01] [main/INFO]: Environment: Environment[sessionHost=https://sessionserver.mojang.com, servicesHost=https://api.minecraftservices.com, name=PROD]
[21:13:02] [main/INFO]: No existing world data, creating new world
[21:13:03] [main/INFO]: Loaded 1290 recipes
[21:13:04] [main/INFO]: Loaded 1399 advancements
[21:13:04] [Server thread/INFO]: Starting minecraft server version 1.21.1
[21:13:04] [Server thread/INFO]: Loading properties
[21:13:04] [Server thread/INFO]: Default game type: SURVIVAL
[21:13:04] [Server thread/INFO]: Generating keypair
[21:13:05] [Server thread/INFO]: Starting Minecraft server on *:25565
[21:13:05] [Server thread/INFO]: Using epoll channel type
[21:13:05] [Server thread/WARN]: **** SERVER IS RUNNING IN OFFLINE/INSECURE MODE!
[21:13:05] [Server thread/WARN]: The server will make no attempt to authenticate usernames. Beware.
[21:13:05] [Server thread/WARN]: While this makes the game possible to play without internet access, it also opens up the ability for hackers to connect with any username they choose.
[21:13:05] [Server thread/WARN]: To change this, set "online-mode" to "true" in the server.properties file.
[21:13:05] [Server thread/INFO]: Preparing level "world"
[21:13:19] [Server thread/INFO]: Preparing start region for dimension minecraft:overworld
[21:13:20] [Worker-Main-1/INFO]: Preparing spawn area: 2%
[21:13:21] [Worker-Main-1/INFO]: Preparing spawn area: 2%
[21:13:21] [Worker-Main-1/INFO]: Preparing spawn area: 2%
[21:13:21] [Worker-Main-1/INFO]: Preparing spawn area: 2%
[21:13:21] [Worker-Main-1/INFO]: Preparing spawn area: 2%
[21:13:22] [Worker-Main-1/INFO]: Preparing spawn area: 2%
[21:13:23] [Worker-Main-1/INFO]: Preparing spawn area: 2%
[21:13:23] [Worker-Main-1/INFO]: Preparing spawn area: 2%
[21:13:23] [Worker-Main-1/INFO]: Preparing spawn area: 2%
[21:13:24] [Worker-Main-1/INFO]: Preparing spawn area: 2%
[21:13:25] [Worker-Main-1/INFO]: Preparing spawn area: 2%
[21:13:25] [Worker-Main-1/INFO]: Preparing spawn area: 2%
[21:13:25] [Worker-Main-1/INFO]: Preparing spawn area: 2%
[21:13:26] [Worker-Main-1/INFO]: Preparing spawn area: 2%
[21:13:26] [Worker-Main-1/INFO]: Preparing spawn area: 2%
[21:13:27] [Worker-Main-1/INFO]: Preparing spawn area: 2%
[21:13:28] [Worker-Main-1/INFO]: Preparing spawn area: 2%
[21:13:28] [Worker-Main-1/INFO]: Preparing spawn area: 2%
[21:13:28] [Worker-Main-1/INFO]: Preparing spawn area: 2%
[21:13:29] [Worker-Main-1/INFO]: Preparing spawn area: 2%
[21:13:29] [Worker-Main-1/INFO]: Preparing spawn area: 2%
[21:13:30] [Worker-Main-1/INFO]: Preparing spawn area: 26%
[21:13:31] [Server thread/INFO]: Time elapsed: 11274 ms
[21:13:31] [Server thread/INFO]: Done (25.859s)! For help, type "help"
[21:14:20] [Server thread/INFO]: frank[/127.0.167.209:54439] logged in with entity id 29 at (29.5, 78.0, -510.5)
[21:14:21] [Server thread/INFO]: frank joined the game
[21:19:08] [Server thread/INFO]: frank has made the advancement [Stone Age]
[21:19:23] [Server thread/INFO]: frank has made the advancement [Getting an Upgrade]
[21:26:13] [Server thread/INFO]: frank has made the advancement [Acquire Hardware]
[21:26:35] [Server thread/INFO]: frank has made the advancement [Isn't It Iron Pick]
[21:29:56] [Server thread/INFO]: Unknown or incomplete command, see below for error
[21:29:56] [Server thread/INFO]: difficult hard<--[HERE]
[21:30:35] [Server thread/INFO]: The difficulty has been set to Hard
[21:33:19] [Server thread/INFO]: frank has made the advancement [Sneak 100]
[21:36:41] [Server thread/INFO]: frank has made the advancement [Diamonds!]
[21:41:32] [Server thread/INFO]: frank has made the advancement [Suit Up]
